<?xml version="1.0" encoding="UTF-8"?>
<testng-results ignored="0" total="10" passed="9" failed="1" skipped="0">
  <reporter-output>
  </reporter-output>
  <suite started-at="2021-02-12T15:29:15 IST" name="Default suite" finished-at="2021-02-12T15:31:41 IST" duration-ms="146071">
    <groups>
    </groups>
    <test started-at="2021-02-12T15:29:15 IST" name="Default test" finished-at="2021-02-12T15:31:41 IST" duration-ms="146071">
      <class name="Jenkins.Jenkinscreatereqmain">
        <test-method is-config="true" signature="setup()[pri:0, instance:Jenkins.Jenkinscreatereqmain@15bbf42f]" started-at="2021-02-12T15:29:15 IST" name="setup" finished-at="2021-02-12T15:29:24 IST" duration-ms="9095" status="PASS">
          <reporter-output>
          </reporter-output>
        </test-method> <!-- setup -->
        <test-method signature="RIPC_Login()[pri:0, instance:Jenkins.Jenkinscreatereqmain@15bbf42f]" started-at="2021-02-12T15:29:24 IST" name="RIPC_Login" finished-at="2021-02-12T15:29:31 IST" duration-ms="7154" status="PASS">
          <reporter-output>
          </reporter-output>
        </test-method> <!-- RIPC_Login -->
        <test-method signature="Create_Req()[pri:1, instance:Jenkins.Jenkinscreatereqmain@15bbf42f]" started-at="2021-02-12T15:29:31 IST" name="Create_Req" finished-at="2021-02-12T15:29:51 IST" duration-ms="19774" status="PASS">
          <reporter-output>
          </reporter-output>
        </test-method> <!-- Create_Req -->
        <test-method signature="skill_Req()[pri:2, instance:Jenkins.Jenkinscreatereqmain@15bbf42f]" started-at="2021-02-12T15:29:51 IST" name="skill_Req" finished-at="2021-02-12T15:29:53 IST" duration-ms="2312" status="PASS">
          <reporter-output>
          </reporter-output>
        </test-method> <!-- skill_Req -->
        <test-method signature="select_Req()[pri:3, instance:Jenkins.Jenkinscreatereqmain@15bbf42f]" started-at="2021-02-12T15:29:53 IST" name="select_Req" finished-at="2021-02-12T15:30:13 IST" duration-ms="19731" status="PASS">
          <reporter-output>
          </reporter-output>
        </test-method> <!-- select_Req -->
        <test-method signature="select_jrss()[pri:4, instance:Jenkins.Jenkinscreatereqmain@15bbf42f]" started-at="2021-02-12T15:30:13 IST" name="select_jrss" finished-at="2021-02-12T15:30:20 IST" duration-ms="7132" status="PASS">
          <reporter-output>
          </reporter-output>
        </test-method> <!-- select_jrss -->
        <test-method signature="req_detail()[pri:5, instance:Jenkins.Jenkinscreatereqmain@15bbf42f]" started-at="2021-02-12T15:30:20 IST" name="req_detail" finished-at="2021-02-12T15:30:39 IST" duration-ms="18671" status="PASS">
          <reporter-output>
          </reporter-output>
        </test-method> <!-- req_detail -->
        <test-method signature="skill_loc()[pri:6, instance:Jenkins.Jenkinscreatereqmain@15bbf42f]" started-at="2021-02-12T15:30:39 IST" name="skill_loc" finished-at="2021-02-12T15:31:03 IST" duration-ms="24311" status="PASS">
          <reporter-output>
          </reporter-output>
        </test-method> <!-- skill_loc -->
        <test-method signature="alert_check()[pri:7, instance:Jenkins.Jenkinscreatereqmain@15bbf42f]" started-at="2021-02-12T15:31:03 IST" name="alert_check" finished-at="2021-02-12T15:31:03 IST" duration-ms="9" status="PASS">
          <reporter-output>
          </reporter-output>
        </test-method> <!-- alert_check -->
        <test-method signature="skill_price()[pri:8, instance:Jenkins.Jenkinscreatereqmain@15bbf42f]" started-at="2021-02-12T15:31:03 IST" name="skill_price" finished-at="2021-02-12T15:31:13 IST" duration-ms="9760" status="PASS">
          <reporter-output>
          </reporter-output>
        </test-method> <!-- skill_price -->
        <test-method signature="supp()[pri:9, instance:Jenkins.Jenkinscreatereqmain@15bbf42f]" started-at="2021-02-12T15:31:13 IST" name="supp" finished-at="2021-02-12T15:31:41 IST" duration-ms="28077" status="FAIL">
          <exception class="java.lang.StringIndexOutOfBoundsException">
            <message>
              <![CDATA[begin 33, end 39, length 33]]>
            </message>
            <full-stacktrace>
              <![CDATA[java.lang.StringIndexOutOfBoundsException: begin 33, end 39, length 33
at java.base/java.lang.String.checkBoundsBeginEnd(String.java:3734)
at java.base/java.lang.String.substring(String.java:1903)
at Jenkins.JenkinsCls.SupplierSelectionPage(JenkinsCls.java:527)
at Jenkins.Jenkinscreatereqmain.supp(Jenkinscreatereqmain.java:128)
at java.base/jdk.internal.reflect.NativeMethodAccessorImpl.invoke0(Native Method)
at java.base/jdk.internal.reflect.NativeMethodAccessorImpl.invoke(NativeMethodAccessorImpl.java:64)
at java.base/jdk.internal.reflect.DelegatingMethodAccessorImpl.invoke(DelegatingMethodAccessorImpl.java:43)
at java.base/java.lang.reflect.Method.invoke(Method.java:564)
at org.testng.internal.MethodInvocationHelper.invokeMethod(MethodInvocationHelper.java:132)
at org.testng.internal.TestInvoker.invokeMethod(TestInvoker.java:599)
at org.testng.internal.TestInvoker.invokeTestMethod(TestInvoker.java:174)
at org.testng.internal.MethodRunner.runInSequence(MethodRunner.java:46)
at org.testng.internal.TestInvoker$MethodInvocationAgent.invoke(TestInvoker.java:822)
at org.testng.internal.TestInvoker.invokeTestMethods(TestInvoker.java:147)
at org.testng.internal.TestMethodWorker.invokeTestMethods(TestMethodWorker.java:146)
at org.testng.internal.TestMethodWorker.run(TestMethodWorker.java:128)
at java.base/java.util.ArrayList.forEach(ArrayList.java:1511)
at org.testng.TestRunner.privateRun(TestRunner.java:764)
at org.testng.TestRunner.run(TestRunner.java:585)
at org.testng.SuiteRunner.runTest(SuiteRunner.java:384)
at org.testng.SuiteRunner.runSequentially(SuiteRunner.java:378)
at org.testng.SuiteRunner.privateRun(SuiteRunner.java:337)
at org.testng.SuiteRunner.run(SuiteRunner.java:286)
at org.testng.SuiteRunnerWorker.runSuite(SuiteRunnerWorker.java:53)
at org.testng.SuiteRunnerWorker.run(SuiteRunnerWorker.java:96)
at org.testng.TestNG.runSuitesSequentially(TestNG.java:1218)
at org.testng.TestNG.runSuitesLocally(TestNG.java:1140)
at org.testng.TestNG.runSuites(TestNG.java:1069)
at org.testng.TestNG.run(TestNG.java:1037)
at org.testng.remote.AbstractRemoteTestNG.run(AbstractRemoteTestNG.java:115)
at org.testng.remote.RemoteTestNG.initAndRun(RemoteTestNG.java:251)
at org.testng.remote.RemoteTestNG.main(RemoteTestNG.java:77)
]]>
            </full-stacktrace>
          </exception> <!-- java.lang.StringIndexOutOfBoundsException -->
          <reporter-output>
          </reporter-output>
        </test-method> <!-- supp -->
      </class> <!-- Jenkins.Jenkinscreatereqmain -->
    </test> <!-- Default test -->
  </suite> <!-- Default suite -->
</testng-results>
